<?xml version="1.0" encoding="UTF-8"?>
<testsuite xmlns:xsi="http://www.w3.org/2001/XMLSchema-instance" xsi:noNamespaceSchemaLocation="https://maven.apache.org/surefire/maven-surefire-plugin/xsd/surefire-test-report.xsd" version="3.0.2" name="org.gestion.client.ClientServiceApplicationTest" time="13.762" tests="1" errors="0" skipped="0" failures="0" flakes="0">
  <properties>
[...]
</properties>
  <testcase name="contextLoads" classname="org.gestion.client.ClientServiceApplicationTest" time="1.479">
    <system-out><![CDATA[00:51:06.840 [main] INFO org.springframework.test.context.support.AnnotationConfigContextLoaderUtils -- Could not detect default configuration classes for test class [org.gestion.client.ClientServiceApplicationTest]: ClientServiceApplicationTest does not declare any static, non-private, non-final, nested classes annotated with @Configuration.
00:51:07.220 [main] INFO org.springframework.boot.test.context.SpringBootTestContextBootstrapper -- Found @SpringBootConfiguration org.gestion.client.ClientServiceApplication for test class org.gestion.client.ClientServiceApplicationTest
00:51:07.629 [main] INFO org.springframework.test.context.support.AnnotationConfigContextLoaderUtils -- Could not detect default configuration classes for test class [org.gestion.client.ClientServiceApplicationTest]: ClientServiceApplicationTest does not declare any static, non-private, non-final, nested classes annotated with @Configuration.
00:51:07.630 [main] INFO org.springframework.boot.test.context.SpringBootTestContextBootstrapper -- Found @SpringBootConfiguration org.gestion.client.ClientServiceApplication for test class org.gestion.client.ClientServiceApplicationTest

  .   ____          _            __ _ _
 /\\ / ___'_ __ _ _(_)_ __  __ _ \ \ \ \
( ( )\___ | '_ | '_| | '_ \/ _` | \ \ \ \
 \\/  ___)| |_)| | | | | || (_| |  ) ) ) )
  '  |____| .__|_| |_|_| |_\__, | / / / /
 =========|_|==============|___/=/_/_/_/

 :: Spring Boot ::                (v4.0.6)

2026-05-22T00:51:09.143+02:00  INFO 137846 --- [client-service] [           main] o.g.client.ClientServiceApplicationTest  : Starting ClientServiceApplicationTest using Java 21.0.10 with PID 137846 (started by vcourtois in /mnt/c/Users/bde_v/IdeaProjects/services-platform/client-service)
2026-05-22T00:51:09.145+02:00  INFO 137846 --- [client-service] [           main] o.g.client.ClientServiceApplicationTest  : No active profile set, falling back to 1 default profile: "default"
2026-05-22T00:51:11.644+02:00  INFO 137846 --- [client-service] [           main] .s.d.r.c.RepositoryConfigurationDelegate : Bootstrapping Spring Data R2DBC repositories in DEFAULT mode.
2026-05-22T00:51:12.154+02:00  INFO 137846 --- [client-service] [           main] .s.d.r.c.RepositoryConfigurationDelegate : Finished Spring Data repository scanning in 491 ms. Found 1 R2DBC repository interface.
2026-05-22T00:51:12.973+02:00  INFO 137846 --- [client-service] [           main] o.s.cloud.context.scope.GenericScope     : BeanFactory id=74d97cce-428e-3c69-afac-839eba384a44
2026-05-22T00:51:16.026+02:00  INFO 137846 --- [client-service] [           main] o.s.b.a.e.web.EndpointLinksResolver      : Exposing 1 endpoint beneath base path '/actuator'
2026-05-22T00:51:16.917+02:00  INFO 137846 --- [client-service] [           main] DiscoveryClientOptionalArgsConfiguration : Eureka HTTP Client uses RestClient.
2026-05-22T00:51:17.029+02:00  WARN 137846 --- [client-service] [           main] iguration$LoadBalancerCaffeineWarnLogger : Spring Cloud LoadBalancer is currently working with the default cache. While this cache implementation is useful for development and tests, it's recommended to use Caffeine cache in production.You can switch to using Caffeine cache, by adding it and org.springframework.cache.caffeine.CaffeineCacheManager to the classpath.
2026-05-22T00:51:17.109+02:00  INFO 137846 --- [client-service] [           main] o.s.c.n.eureka.InstanceInfoFactory       : Setting initial instance status as: STARTING
2026-05-22T00:51:17.177+02:00  INFO 137846 --- [client-service] [           main] com.netflix.discovery.DiscoveryClient    : Initializing Eureka in region us-east-1
2026-05-22T00:51:17.191+02:00  INFO 137846 --- [client-service] [           main] c.n.d.s.r.aws.ConfigClusterResolver      : Resolving eureka endpoints via configuration
2026-05-22T00:51:17.219+02:00  INFO 137846 --- [client-service] [           main] com.netflix.discovery.DiscoveryClient    : Disable delta property : false
2026-05-22T00:51:17.219+02:00  INFO 137846 --- [client-service] [           main] com.netflix.discovery.DiscoveryClient    : Single vip registry refresh property : null
2026-05-22T00:51:17.219+02:00  INFO 137846 --- [client-service] [           main] com.netflix.discovery.DiscoveryClient    : Force full registry fetch : false
2026-05-22T00:51:17.219+02:00  INFO 137846 --- [client-service] [           main] com.netflix.discovery.DiscoveryClient    : Application is null : false
2026-05-22T00:51:17.219+02:00  INFO 137846 --- [client-service] [           main] com.netflix.discovery.DiscoveryClient    : Registered Applications size is zero : true
2026-05-22T00:51:17.219+02:00  INFO 137846 --- [client-service] [           main] com.netflix.discovery.DiscoveryClient    : Application version is -1: true
2026-05-22T00:51:17.220+02:00  INFO 137846 --- [client-service] [           main] com.netflix.discovery.DiscoveryClient    : Getting all instance registry info from the eureka server
2026-05-22T00:51:18.464+02:00  INFO 137846 --- [client-service] [           main] com.netflix.discovery.DiscoveryClient    : The response status is 200
2026-05-22T00:51:18.468+02:00  INFO 137846 --- [client-service] [           main] com.netflix.discovery.DiscoveryClient    : Starting heartbeat executor: renew interval is: 30
2026-05-22T00:51:18.473+02:00  INFO 137846 --- [client-service] [           main] c.n.discovery.InstanceInfoReplicator     : InstanceInfoReplicator onDemand update allowed rate per min is 4
2026-05-22T00:51:18.476+02:00  INFO 137846 --- [client-service] [           main] com.netflix.discovery.DiscoveryClient    : Discovery Client initialized at timestamp 1779403878476 with initial instances count: 2
2026-05-22T00:51:18.481+02:00  INFO 137846 --- [client-service] [           main] o.s.c.n.e.s.EurekaServiceRegistry        : Registering application CLIENT-SERVICE with eureka with status UP
2026-05-22T00:51:18.482+02:00  INFO 137846 --- [client-service] [           main] com.netflix.discovery.DiscoveryClient    : Saw local status change event StatusChangeEvent [timestamp=1779403878482, current=UP, previous=STARTING]
2026-05-22T00:51:18.487+02:00  INFO 137846 --- [client-service] [foReplicator-%d] com.netflix.discovery.DiscoveryClient    : DiscoveryClient_CLIENT-SERVICE/10.255.255.254:client-service:8083: registering service...
2026-05-22T00:51:18.491+02:00  INFO 137846 --- [client-service] [           main] o.g.client.ClientServiceApplicationTest  : Started ClientServiceApplicationTest in 10.469 seconds (process running for 13.499)
2026-05-22T00:51:18.570+02:00  INFO 137846 --- [client-service] [foReplicator-%d] com.netflix.discovery.DiscoveryClient    : DiscoveryClient_CLIENT-SERVICE/10.255.255.254:client-service:8083 - registration status: 204
]]></system-out>
    <system-err><![CDATA[Mockito is currently self-attaching to enable the inline-mock-maker. This will no longer work in future releases of the JDK. Please add Mockito as an agent to your build as described in Mockito's documentation: https://javadoc.io/doc/org.mockito/mockito-core/latest/org.mockito/org/mockito/Mockito.html#0.3
WARNING: A Java agent has been loaded dynamically (/home/vcourtois/.m2/repository/net/bytebuddy/byte-buddy-agent/1.17.8/byte-buddy-agent-1.17.8.jar)
WARNING: If a serviceability tool is in use, please run with -XX:+EnableDynamicAgentLoading to hide this warning
WARNING: If a serviceability tool is not in use, please run with -Djdk.instrument.traceUsage for more information
WARNING: Dynamic loading of agents will be disallowed by default in a future release
]]></system-err>
  </testcase>
</testsuite>