<?xml version="1.0" encoding="UTF-8"?>
<testsuite xmlns:xsi="http://www.w3.org/2001/XMLSchema-instance" xsi:noNamespaceSchemaLocation="https://maven.apache.org/surefire/maven-surefire-plugin/xsd/surefire-test-report.xsd" version="3.0.2" name="org.gestion.client.dto.ClientRequestTest" time="0.119" tests="3" errors="0" skipped="0" failures="0" flakes="0">
  <properties>
[...]
</properties>
  <testcase name="getter_setterClientRequestReservationTest" classname="org.gestion.client.dto.ClientRequestTest" time="0.011">
    <system-out><![CDATA[2026-05-22T00:51:19.999+02:00  INFO 137846 --- [client-service] [           main] t.c.s.AnnotationConfigContextLoaderUtils : Could not detect default configuration classes for test class [org.gestion.client.dto.ClientRequestTest]: ClientRequestTest does not declare any static, non-private, non-final, nested classes annotated with @Configuration.
2026-05-22T00:51:20.081+02:00  INFO 137846 --- [client-service] [           main] .b.t.c.SpringBootTestContextBootstrapper : Found @SpringBootConfiguration org.gestion.client.ClientServiceApplication for test class org.gestion.client.dto.ClientRequestTest
2026-05-22T00:51:20.088+02:00  INFO 137846 --- [client-service] [           main] t.c.s.AnnotationConfigContextLoaderUtils : Could not detect default configuration classes for test class [org.gestion.client.dto.ClientRequestTest]: ClientRequestTest does not declare any static, non-private, non-final, nested classes annotated with @Configuration.
2026-05-22T00:51:20.089+02:00  INFO 137846 --- [client-service] [           main] .b.t.c.SpringBootTestContextBootstrapper : Found @SpringBootConfiguration org.gestion.client.ClientServiceApplication for test class org.gestion.client.dto.ClientRequestTest
]]></system-out>
  </testcase>
  <testcase name="getter_setterClientRequestLastNameTest" classname="org.gestion.client.dto.ClientRequestTest" time="0.002"/>
  <testcase name="getter_setterClientRequestFirstNameTest" classname="org.gestion.client.dto.ClientRequestTest" time="0.002"/>
</testsuite>